  [1m[36m (46.5ms)[0m  [1mCREATE TABLE `schema_migrations` (`version` varchar(255) NOT NULL) ENGINE=InnoDB[0m
  [1m[35m (51.6ms)[0m  CREATE UNIQUE INDEX `unique_schema_migrations`  ON `schema_migrations` (`version`) 
  [1m[36mActiveRecord::SchemaMigration Load (0.2ms)[0m  [1mSELECT `schema_migrations`.* FROM `schema_migrations`[0m
Migrating to CreateAccounts (20150919033054)
  [1m[36mActiveRecord::SchemaMigration Load (0.2ms)[0m  [1mSELECT `schema_migrations`.* FROM `schema_migrations`[0m
Migrating to CreateAccounts (20150919033054)
DEPRECATION WARNING: `#timestamp` was called without specifying an option for `null`. In Rails 5, this behavior will change to `null: false`. You should manually specify `null: true` to prevent the behavior of your existing migrations from changing. (called from block in up at /Users/brandonsturgeon/Code/ruby/rubr/db/migrate/20150919033054_create_accounts.rb:5)
  [1m[36mActiveRecord::SchemaMigration Load (0.2ms)[0m  [1mSELECT `schema_migrations`.* FROM `schema_migrations`[0m
Migrating to CreateAccounts (20150919033054)
DEPRECATION WARNING: `#timestamp` was called without specifying an option for `null`. In Rails 5, this behavior will change to `null: false`. You should manually specify `null: true` to prevent the behavior of your existing migrations from changing. (called from block in up at /Users/brandonsturgeon/Code/ruby/rubr/db/migrate/20150919033054_create_accounts.rb:5)
  [1m[35m (13.7ms)[0m  CREATE TABLE `accounts` (`id` int(11) auto_increment PRIMARY KEY, `created_at` datetime, `updated_at` datetime, `first_name` varchar(255), `last_name` varchar(255), `user_name` varchar(255), `city` varchar(255), `state` varchar(255), `zip` varchar(255), `email` varchar(255), `email_confirmed` tinyint(1) DEFAULT 0, `password_digest` varchar(255) NOT NULL, `auth_token` varchar(255), `description` varchar(255), `sign_up_token` varchar(255), `sign_up_sent_at` datetime) ENGINE=InnoDB
  [1m[36m (0.2ms)[0m  [1mBEGIN[0m
  [1m[35mSQL (1.0ms)[0m  INSERT INTO `schema_migrations` (`version`) VALUES ('20150919033054')
  [1m[36m (0.4ms)[0m  [1mCOMMIT[0m
  [1m[35mActiveRecord::SchemaMigration Load (0.2ms)[0m  SELECT `schema_migrations`.* FROM `schema_migrations`
  [1m[36m (1.4ms)[0m  [1mSELECT fk.referenced_table_name as 'to_table'
      ,fk.referenced_column_name as 'primary_key'
      ,fk.column_name as 'column'
      ,fk.constraint_name as 'name'
FROM information_schema.key_column_usage fk
WHERE fk.referenced_column_name is not null
  AND fk.table_schema = 'rubr_development'
  AND fk.table_name = 'accounts'
[0m
  [1m[35m (0.2ms)[0m  SHOW CREATE TABLE `accounts`
